*** PF INFO ***
Time     : Thu May 23 17:10:57 2024
System   : C:/Users/Youss/OneDrive/Desktop/Università/Design/ROBOT STUDIO/SD_Exe01_SWorksRStudio/Virtual Controllers/CRB15000_5_95_1
RobotWare: 7.8.0
RobotControl: 7.8.0
Shutdown type: 1 mode: 1 reason: 1 
Image lost in previous shutdown: no
CFG counter value  :  7112
Unfinished crit sec:  0

*** PF INFO ***
Time     : Thu May 23 20:28:13 2024
System   : C:/Users/Youss/OneDrive/Desktop/Università/Design/ROBOT STUDIO/SD_Exe01_SWorksRStudio/Virtual Controllers/CRB15000_5_95_1
RobotWare: 7.8.0
RobotControl: 7.8.0
Shutdown type: 1 mode: 1 reason: 1 
Image lost in previous shutdown: no
CFG counter value  :  7283
Unfinished crit sec:  0

*** PF INFO ***
Time     : Thu Jul  4 23:41:20 2024
System   : C:/Users/Youss/OneDrive/Desktop/Università/Design/ROBOT STUDIO/SD_Exe01_SWorksRStudio/Virtual Controllers/CRB15000_5_95_1
RobotWare: 7.8.0
RobotControl: 7.8.0
Shutdown type: 1 mode: 1 reason: 1 
Image lost in previous shutdown: no
CFG counter value  :  7371
Unfinished crit sec:  0

*** PF INFO ***
Time     : Fri Aug 23 23:53:44 2024
System   : C:/Users/Youss/OneDrive/Desktop/Università/Design/ROBOT STUDIO/SD_Exe01_SWorksRStudio/Virtual Controllers/CRB15000_5_95_1
RobotWare: 7.8.0
RobotControl: 7.8.0
Shutdown type: 1 mode: 1 reason: 1 
Image lost in previous shutdown: no
CFG counter value  :  7459
Unfinished crit sec:  0

