
Script begin: C:/Users/Youss/AppData/Local/ABB/RobotWare/RobotControl_7.8.0/system/startup_with_axc.cmd
01:53:52:511000 Status 0 from startup_log
Begin system startup
01:53:52:511000 Status 0 from echo
01:54:52:211000 Status 0 from invoke2 s17_initialize
01:54:52:211000 Status 0 from invoke AxcHal_InitModule
01:54:52:211000 Status 0 from invoke AxcHal_StartModule
01:54:56:211000 Status 0 from delay
C:/Users/Youss/OneDrive/Desktop/Universit‡/Design/ROBOT STUDIO/SD_Exe01_SWorksRStudio/Virtual Controllers/CRB15000_5_95_1/TEMP has been mounted.
01:54:59:602000 Status 0 from baseinit
Goto to label: NO_ASCII_LOG
01:54:59:602000 Status 0 from getkey ASCIILogMedia
01:54:59:602000 Status 0 from uprobe_init
01:54:59:602000 Status 0 from debug_service_base_init
01:54:59:602000 Status 0 from invoke S33_01_create
01:54:59:602000 Status 0 from S33_01_init
01:55:02:118000 Status 0 from invoke AxcServoControl_InitModule
Goto to label: VC_MCHEXCEPTION_SKIP
01:55:02:118000 Status 0 from ifvc VC_MCHEXCEPTION_SKIP
01:55:02:118000 Status 0 from invoke S98_01_create
01:55:02:358000 Status 0 from S98_01_init
01:59:16:610000 Status 0 from invoke scinit_load_and_start_safety_controller
Goto to label: VC_SEP_SKIP
01:59:16:610000 Status 0 from ifvc VC_SEP_SKIP
Goto to label: VC_CS_SKIP
01:59:16:610000 Status 0 from ifvc VC_CS_SKIP
Goto to label: VC_SKIP_FIRMWARE_UPGRADE
01:59:16:610000 Status 0 from ifvc VC_SKIP_FIRMWARE_UPGRADE
01:59:16:610000 Status 0 from bb_populate
01:59:16:610000 Status 0 from bb_populate
01:59:16:610000 Status 0 from bb_populate
01:59:16:610000 Status 0 from bb_populate
01:59:16:610000 Status 0 from bb_populate
01:59:16:610000 Status 0 from bb_populate
01:59:16:610000 Status 0 from bb_populate
01:59:16:610000 Status 0 from bb_populate
01:59:16:610000 Status 0 from bb_populate
01:59:16:610000 Status 0 from bb_populate
01:59:16:610000 Status 0 from bb_populate
01:59:16:610000 Status 0 from bb_populate
Illegal call: sysdmp_init must be called first!01:59:16:610000 Status -1 from sysdmp_init
 ... will continue!
01:59:19:165000 Status 0 from task 
01:59:19:165000 Status 0 from debug_service_init
Illegal call: sysdmp_init must be called first!01:59:19:165000 Status -1 from sysdmp_add
 ... will continue!
Illegal call: sysdmp_init must be called first!01:59:19:165000 Status -1 from sysdmp_add
 ... will continue!
Illegal call: sysdmp_init must be called first!01:59:19:165000 Status -1 from sysdmp_add
 ... will continue!
Illegal call: sysdmp_init must be called first!01:59:19:165000 Status -1 from sysdmp_add
 ... will continue!
Illegal call: sysdmp_init must be called first!01:59:19:165000 Status -1 from sysdmp_add
 ... will continue!
Illegal call: sysdmp_init must be called first!01:59:19:165000 Status -1 from sysdmp_add
 ... will continue!
Illegal call: sysdmp_init must be called first!01:59:19:165000 Status -1 from sysdmp_add
 ... will continue!
Goto to label: NO_WVLOG
01:59:19:165000 Status 0 from ifvc NO_WVLOG
Goto to label: NO_ETHCAP
01:59:19:165000 Status 0 from ifvc NO_ETHCAP
01:59:21:742000 Status 0 from task 
01:59:21:748000 Status 0 from synchronize task
01:59:21:748000 Status 0 from go task
01:59:25:581000 Status 0 from task 
01:59:27:623000 Status 0 from task 
01:59:29:816000 Status 0 from task 
Goto to label: VC_NO_CLOCK_PROBE
01:59:29:816000 Status 0 from ifvc VC_NO_CLOCK_PROBE

24-08-23  23:51:49 MC0: type = STATE_CHANGE id = Operational code = 45 (10045)

01:59:29:816000 Status 0 from basenew
Base services started
01:59:29:816000 Status 0 from echo
Goto to label: VC_NO_REMOTE_DIAGNOSTIC
01:59:29:816000 Status 0 from ifvc VC_NO_REMOTE_DIAGNOSTIC
01:59:29:816000 Status 0 from S98_01_new
01:59:29:816000 Status 0 from direxist C:/Users/Youss/OneDrive/Desktop/Universit‡/Design/ROBOT STUDIO/SD_Exe01_SWorksRStudio/Virtual Controllers/CRB15000_5_95_1/TEMP/rw_trash
Goto to label: NEXT_STEP
01:59:29:816000 Status 0 from goto NEXT_STEP
Initializing system interrupts
01:59:29:816000 Status 0 from print
01:59:32:593000 Status 0 from invoke AxcServoControl_StartModule
01:59:35:593000 Status 0 from delay
Goto to label: VC_NO_MC_SEP_UPGRADE
01:59:35:593000 Status 0 from ifvc VC_NO_MC_SEP_UPGRADE
Goto to label: VC_NO_MC_CS_UPGRADE
01:59:35:593000 Status 0 from ifvc VC_NO_MC_CS_UPGRADE
Goto to label: VC_NO_MC_FPGA_UPGRADE
01:59:35:593000 Status 0 from ifvc VC_NO_MC_FPGA_UPGRADE
01:59:35:593000 Status 0 from invoke fciInit
01:59:35:593000 Status 0 from init eio
01:59:35:593000 Status 0 from invoke internalBusDrv
01:59:37:489000 Status 0 from task 
01:59:39:533000 Status 0 from task 
01:59:39:533000 Status 0 from invoke incInstallDriver
Goto to label: LOAD_CMD
01:59:39:533000 Status 0 from fileexist C:/Users/Youss/AppData/Local/ABB/RobotWare/RobotControl_7.8.0/options/enms/en_base.cmd

Script begin: C:/Users/Youss/AppData/Local/ABB/RobotWare/RobotControl_7.8.0/options/enms/en_base.cmd
Illegal call: sysdmp_init must be called first!01:59:39:533000 Status -1 from sysdmp_add
 ... will continue!
01:59:40:779000 Status 0 from task 
01:59:42:886000 Status 0 from task 
01:59:44:980000 Status 0 from task 
01:59:44:980000 Status 0 from invoke incInstallDriver
Script end: C:/Users/Youss/AppData/Local/ABB/RobotWare/RobotControl_7.8.0/options/enms/en_base.cmd
01:59:44:980000 Status 0 from include 
Goto to label: NO_BONJOUR_DAEMON
01:59:44:980000 Status 0 from ifvc NO_BONJOUR_DAEMON
01:59:44:980000 Status 0 from invoke2 init_mempools
01:59:46:444000 Status 0 from task 
01:59:47:454000 Status 0 from task 
01:59:49:384000 Status 0 from task 
01:59:51:617000 Status 0 from task 
01:59:53:3000 Status 0 from task 
Starting features - phase 1 of 5
01:59:53:3000 Status 0 from echo
Goto to label: LOAD_CMD
01:59:53:436000 Status 0 from fileexist C:/Users/Youss/OneDrive/Desktop/Universit‡/Design/ROBOT STUDIO/SD_Exe01_SWorksRStudio/Virtual Controllers/CRB15000_5_95_1/internal/opt_l0.cmd

Script begin: C:/Users/Youss/OneDrive/Desktop/Universit‡/Design/ROBOT STUDIO/SD_Exe01_SWorksRStudio/Virtual Controllers/CRB15000_5_95_1/internal/opt_l0.cmd

Script begin: C:/Users/Youss/AppData/Local/ABB/RobotWare/RobotControl_7.8.0/options/sc/ScInc_opt.cmd
Starting ScIncTasks and installs the driver/networks
01:59:53:436000 Status 0 from echo
01:59:54:956000 Status 0 from task 
01:59:56:764000 Status 0 from task 
01:59:56:764000 Status 0 from invoke incInstallDriver
End of ScIncTasks installation
01:59:56:764000 Status 0 from echo
Script end: C:/Users/Youss/AppData/Local/ABB/RobotWare/RobotControl_7.8.0/options/sc/ScInc_opt.cmd
01:59:56:764000 Status 0 from include End of ScIncTasks installation
Script end: C:/Users/Youss/OneDrive/Desktop/Universit‡/Design/ROBOT STUDIO/SD_Exe01_SWorksRStudio/Virtual Controllers/CRB15000_5_95_1/internal/opt_l0.cmd
01:59:56:764000 Status 0 from include End of ScIncTasks installation
01:59:56:764000 Status 0 from init sio
01:59:56:764000 Status 0 from init motion
01:59:56:764000 Status 0 from init rol
01:59:56:764000 Status 0 from init cab
01:59:56:764000 Status 0 from init bar
01:59:56:764000 Status 0 from init pgmrun
01:59:56:764000 Status 0 from init rapid
01:59:56:764000 Status 0 from init puscfg
01:59:56:764000 Status 0 from invoke sdlog_init
01:59:59:52000 Status 0 from task 
Goto to label: VC_CABSUPTS_SKIP
01:59:59:52000 Status 0 from ifvc VC_CABSUPTS_SKIP
01:59:59:52000 Status 0 from invoke2 sevt_safety_init
01:59:59:52000 Status 0 from invoke2 scsafIntBusInit
01:59:59:52000 Status 0 from invoke2 epanel_device_init
01:59:59:52000 Status 0 from invoke2 axc_brd_create_IntBusDrvSys
02:00:00:509000 Status 0 from task 
02:00:02:628000 Status 0 from task 
02:00:04:582000 Status 0 from task 
02:00:06:600000 Status 0 from task 
02:00:08:660000 Status 0 from task 
02:00:08:661000 Status 0 from reconfigure eio
02:00:08:661000 Status 0 from reconfigure sio
02:00:10:648000 Status 0 from task 
02:00:12:528000 Status 0 from task 
02:00:14:209000 Status 0 from task 
02:00:16:82000 Status 0 from task 
02:00:17:136000 Status 0 from task 
02:00:18:148000 Status 0 from task 
02:00:19:191000 Status 0 from task 
02:00:20:86000 Status 0 from task 
02:00:20:941000 Status 0 from task 
02:00:21:852000 Status 0 from task 
02:00:23:453000 Status 0 from task 
02:00:24:912000 Status 0 from task 
02:00:26:407000 Status 0 from task 
02:00:27:942000 Status 0 from task 
02:00:28:781000 Status 0 from task 
02:00:29:688000 Status 0 from task 
02:00:30:532000 Status 0 from task 
02:00:31:308000 Status 0 from task 
02:00:32:172000 Status 0 from task 
02:00:33:57000 Status 0 from task 
02:00:34:604000 Status 0 from task 
02:00:35:931000 Status 0 from task 
02:00:37:248000 Status 0 from task 
02:00:38:661000 Status 0 from task 
02:00:39:697000 Status 0 from task 
02:00:40:798000 Status 0 from task 
02:00:42:172000 Status 0 from task 
Goto to label: VC_AXC_SKIP
02:00:42:173000 Status 0 from ifvc VC_AXC_SKIP
02:00:43:420000 Status 0 from task 
02:00:44:178000 Status 0 from task 
02:00:45:73000 Status 0 from task 
02:00:46:404000 Status 0 from task 
02:00:47:709000 Status 0 from task 
02:00:48:957000 Status 0 from task 
02:00:50:321000 Status 0 from task 
02:00:51:613000 Status 0 from task 
02:00:52:943000 Status 0 from task 
02:00:54:175000 Status 0 from task 
02:00:55:440000 Status 0 from task 
02:00:56:696000 Status 0 from task 
02:00:57:960000 Status 0 from task 
02:00:59:224000 Status 0 from task 
02:00:59:984000 Status 0 from task 
02:01:01:82000 Status 0 from task 
02:01:02:402000 Status 0 from task 
02:01:03:756000 Status 0 from task 
02:01:05:21000 Status 0 from task 
02:01:06:380000 Status 0 from task 
02:01:07:796000 Status 0 from task 
02:01:08:93000 Status 0 from task 
02:01:09:357000 Status 0 from task 
02:01:10:820000 Status 0 from task 
02:01:12:242000 Status 0 from task 
02:01:13:515000 Status 0 from task 
02:01:14:840000 Status 0 from task 
Waiting for task group 1 to start
02:01:14:841000 Status 0 from print
02:01:14:847000 Status 0 from synchronize task
02:01:15:347000 Status 0 from delay
Message (cmd/msgType: 299/3) received from sid: 0
02:01:15:347000 Status 0 from go task
Goto to label: VC_AXC_SKIP
02:01:15:347000 Status 0 from ifvc VC_AXC_SKIP
Starting features - phase 2 of 5
02:01:15:347000 Status 0 from echo
Message (cmd/msgType: 299/3) received from sid: 0
Rapi-Subscription running on slot: 205
Goto to label: LOAD_CMD
02:01:15:347000 Status 0 from fileexist C:/Users/Youss/OneDrive/Desktop/Universit‡/Design/ROBOT STUDIO/SD_Exe01_SWorksRStudio/Virtual Controllers/CRB15000_5_95_1/internal/option.cmd

Script begin: C:/Users/Youss/OneDrive/Desktop/Universit‡/Design/ROBOT STUDIO/SD_Exe01_SWorksRStudio/Virtual Controllers/CRB15000_5_95_1/internal/option.cmd

Script begin: C:/Users/Youss/AppData/Local/ABB/RobotWare/RobotControl_7.8.0/options/sc/scopt.cmd
Illegal call: sysdmp_init must be called first!02:01:15:347000 Status -1 from sysdmp_add
 ... will continue!
Illegal call: sysdmp_init must be called first!02:01:15:347000 Status -1 from sysdmp_add
 ... will continue!
Illegal call: sysdmp_init must be called first!02:01:15:347000 Status -1 from sysdmp_add
 ... will continue!
Illegal call: sysdmp_init must be called first!02:01:15:347000 Status -1 from sysdmp_add
 ... will continue!
Starting Safety Controller orchestrator
02:01:15:347000 Status 0 from echo
  Cpu1 in state ready
02:01:15:358000 Status 0 from task 
Script end: C:/Users/Youss/AppData/Local/ABB/RobotWare/RobotControl_7.8.0/options/sc/scopt.cmd
02:01:15:358000 Status 0 from include 
Script end: C:/Users/Youss/OneDrive/Desktop/Universit‡/Design/ROBOT STUDIO/SD_Exe01_SWorksRStudio/Virtual Controllers/CRB15000_5_95_1/internal/option.cmd
02:01:15:358000 Status 0 from include 
Starting motion system
02:01:15:358000 Status 0 from echo
Simulated moc_io.
STATMATS. New motion_planner: motion_planner_1
STATMATS. New motion_planner: motion_planner_2
STATMATS. New motion_planner: motion_planner_3
STATMATS. New motion_planner: motion_planner_4
STATMATS. New motion_planner: motion_planner_5
STATMATS. New motion_planner: motion_planner_6
STATMATS. New motion_planner: motion_planner_7
SISMA_BS_INFO 41152
02:01:16:381000 Status 0 from new motion
02:01:17:881000 Status 0 from delay
02:01:17:881000 Status 0 from connect_dependings SYS_STORED_OBJ_CAB
02:01:17:881000 Status 0 from if SYNCROB
Goto to label: NOSYNC
02:01:17:881000 Status 0 from goto NOSYNC
Waiting for motion system to start
02:01:17:881000 Status 0 from echo
02:01:17:887000 Status 0 from synchronize task
Message (cmd/msgType: 299/3) received from sid: 0
Message (cmd/msgType: 299/3) received from sid: 0
Message (cmd/msgType: 299/3) received from sid: 0
Message (cmd/msgType: 299/3) received from sid: 0
Message (cmd/msgType: 299/3) received from sid: 0
02:01:17:887000 Status 0 from go task
Synchronizing industrial networks
02:01:17:887000 Status 0 from echo
Message (cmd/msgType: 299/3) received from sid: 0
02:01:17:887000 Status 0 from io_synchronize
Goto to label: VIRTIOTS_RUN
02:01:17:887000 Status 0 from ifvc VIRTIOTS_RUN
02:01:18:27000 Status 0 from task 
Starting RAPID system
02:01:18:27000 Status 0 from echo
02:01:18:27000 Status 0 from invoke rldryrun_start
02:01:18:27000 Status 0 from invoke rlcyclic_start
02:01:18:27000 Status 13 from invoke rlvisualize_start
02:01:18:27000 Status 0 from invoke rldata_init
------------number_of_tasks 2 
------------number_of_tasks 2 
02:01:18:536000 Status 0 from new rapid
Starting features - phase 3 of 5
02:01:18:536000 Status 0 from echo
02:01:18:536000 Status 0 from fileexist C:/Users/Youss/OneDrive/Desktop/Universit‡/Design/ROBOT STUDIO/SD_Exe01_SWorksRStudio/Virtual Controllers/CRB15000_5_95_1/internal/opt_l1.cmd
Goto to label: NEXT_STEP
02:01:18:536000 Status 0 from goto NEXT_STEP

24-08-23  23:51:53 SC CPUA: type = WARNING id = Safety code = 526 (90526)


24-08-23  23:51:53 MC0: type = STATE_CHANGE id = Operational code = 10 (10010)


24-08-23  23:51:53 MC0: type = STATE_CHANGE id = Operational code = 17 (10017)

02:01:23:772000 Status 0 from new cab
Starting communication services
02:01:23:772000 Status 0 from echo
02:01:23:772000 Status 0 from invoke2 set_max_allowed_robapi_wan_connections

24-08-23  23:51:53 MC0: type = ERROR id = Motion code = 63 (50063)

arg 0: T_ROB1

arg 1: /Module1/Path_10/MoveC/101
arg 2: 3 

24-08-23  23:51:53 MC0: type = STATE_CHANGE id = Operational code = 2 (10002)
arg 0: 1 (ipolts0): SYS STOP from E:\Agents\6\_work\277\s\S0.01.Kernel\Areas\MotionRef\Components\Segm\segm.cpp,8584
arg 1: 0 
arg 2: SC_CBC


24-08-23  23:51:53 MC0: type = ERROR id = Motion code = 147 (50147)
arg 0: -14 
(cabts): SYS STOP from E:\Agents\6\_work\277\s\S0.01.Kernel\Areas\SystemDirector\Components\Cab\cab_sup.cpp,405

24-08-23  23:51:53 MC0: type = ERROR id = System code = 381 (20381)


24-08-23  23:51:53 MC0: type = STATE_CHANGE id = Operational code = 150 (10150)
arg 0: 1 
arg 1: SC_CBC


24-08-23  23:51:53 MC0: type = STATE_CHANGE id = Operational code = 155 (10155)
arg 0: 2 
arg 1: T_ROB1


24-08-23  23:51:53 MC0: type = STATE_CHANGE id = Operational code = 129 (10129)
arg 0: 1 
arg 1: SC_CBC


24-08-23  23:51:53 MC0: type = STATE_CHANGE id = Operational code = 129 (10129)
arg 0: 2 
arg 1: T_ROB1


24-08-23  23:51:53 MC0: type = STATE_CHANGE id = Operational code = 150 (10150)
arg 0: 1 
arg 1: SC_CBC

02:01:23:788000 Status 0 from task 
02:01:23:920000 Status 0 from task 
02:01:24:56000 Status 0 from task 
02:01:24:180000 Status 0 from task 
robcmdts ipc connected 
02:01:24:284000 Status 0 from task 
robayats started 
02:01:24:412000 Status 0 from task 
02:01:24:516000 Status 0 from task 
02:01:24:648000 Status 0 from task 
02:01:24:774000 Status 0 from task 
02:01:24:903000 Status 0 from task 
02:01:25:20000 Status 0 from task 
02:01:25:92000 Status 0 from task 
02:01:25:92000 Status 0 from invoke2 init_opcua_mempools
02:01:25:212000 Status 0 from task 
Starting features - phase 4 of 5
02:01:25:212000 Status 0 from echo
02:01:25:212000 Status 0 from fileexist C:/Users/Youss/OneDrive/Desktop/Universit‡/Design/ROBOT STUDIO/SD_Exe01_SWorksRStudio/Virtual Controllers/CRB15000_5_95_1/internal/opt_l2.cmd
Goto to label: NEXT_STEP
02:01:25:212000 Status 0 from goto NEXT_STEP
02:01:25:336000 Status 0 from task 
Goto to label: NETSCANSKIP
02:01:25:336000 Status 0 from ifvc NETSCANSKIP
Finalizing RAPID system
02:01:25:336000 Status 0 from echo
02:01:25:342000 Status 0 from synchronize task
02:01:25:342000 Status 0 from rapid_startup_ready
02:01:25:342000 Status 0 from cab_startup_ready
Message (cmd/msgType: 299/3) received from sid: 0
Message (cmd/msgType: 299/3) received from sid: 0
Message (cmd/msgType: 299/3) received from sid: 0
Message (cmd/msgType: 299/3) received from sid: 0
02:01:25:342000 Status 0 from go task
Goto to label: VTSPEED
02:01:25:342000 Status 0 from ifvc VTSPEED
02:01:25:342000 Status 0 from invoke VTSetSpeed
Starting features - phase 1 of 5
02:01:25:342000 Status 0 from echo
02:01:25:342000 Status 0 from fileexist C:/Users/Youss/OneDrive/Desktop/Universit‡/Design/ROBOT STUDIO/SD_Exe01_SWorksRStudio/Virtual Controllers/CRB15000_5_95_1/internal/opt_l3.cmd
Goto to label: NEXT_STEP
02:01:25:342000 Status 0 from goto NEXT_STEP
02:01:25:342000 Status 0 from upgrade_warm_start_completed
02:01:25:342000 Status 0 from unofficial_rw_notification
Illegal call: sysdmp_init must be called first!02:01:25:342000 Status -1 from sysdmp_add
 ... will continue!
Illegal call: sysdmp_init must be called first!02:01:25:342000 Status -1 from sysdmp_add
 ... will continue!
Illegal call: sysdmp_init must be called first!02:01:25:342000 Status -1 from sysdmp_add
 ... will continue!
Illegal call: sysdmp_init must be called first!02:01:25:342000 Status -1 from sysdmp_add
 ... will continue!
Illegal call: sysdmp_init must be called first!02:01:25:342000 Status -1 from sysdmp_add
 ... will continue!
Illegal call: sysdmp_init must be called first!02:01:25:342000 Status -1 from sysdmp_add
 ... will continue!
Illegal call: sysdmp_init must be called first!02:01:25:342000 Status -1 from sysdmp_add
 ... will continue!
Illegal call: sysdmp_init must be called first!02:01:25:342000 Status -1 from sysdmp_add
 ... will continue!
Illegal call: sysdmp_init must be called first!02:01:25:342000 Status -1 from sysdmp_add
 ... will continue!
Illegal call: sysdmp_init must be called first!02:01:25:342000 Status -1 from sysdmp_add
 ... will continue!
Illegal call: sysdmp_init must be called first!02:01:25:342000 Status -1 from sysdmp_add
 ... will continue!
Illegal call: sysdmp_init must be called first!02:01:25:342000 Status -1 from sysdmp_add
 ... will continue!
Illegal call: sysdmp_init must be called first!02:01:25:342000 Status -1 from sysdmp_add
 ... will continue!
Illegal call: sysdmp_init must be called first!02:01:25:342000 Status -1 from sysdmp_add
 ... will continue!
Illegal call: sysdmp_init must be called first!02:01:25:342000 Status -1 from sysdmp_add
 ... will continue!
Illegal call: sysdmp_init must be called first!02:01:25:342000 Status -1 from sysdmp_add
 ... will continue!
Illegal call: sysdmp_init must be called first!02:01:25:342000 Status -1 from sysdmp_add
 ... will continue!
Illegal call: sysdmp_init must be called first!02:01:25:342000 Status -1 from sysdmp_add
 ... will continue!
Illegal call: sysdmp_init must be called first!02:01:25:342000 Status -1 from sysdmp_add
 ... will continue!
Illegal call: sysdmp_init must be called first!02:01:25:342000 Status -1 from sysdmp_add
 ... will continue!
Illegal call: sysdmp_init must be called first!02:01:25:342000 Status -1 from sysdmp_add
 ... will continue!
Illegal call: sysdmp_init must be called first!02:01:25:342000 Status -1 from sysdmp_add
 ... will continue!
Illegal call: sysdmp_init must be called first!02:01:25:342000 Status -1 from sysdmp_add
 ... will continue!
Illegal call: sysdmp_init must be called first!02:01:25:342000 Status -1 from sysdmp_add
 ... will continue!
Illegal call: sysdmp_init must be called first!02:01:25:342000 Status -1 from sysdmp_add
 ... will continue!
Illegal call: sysdmp_init must be called first!02:01:25:342000 Status -1 from sysdmp_add
 ... will continue!
Illegal call: sysdmp_init must be called first!02:01:25:342000 Status -1 from sysdmp_add
 ... will continue!
Illegal call: sysdmp_init must be called first!02:01:25:342000 Status -1 from sysdmp_add
 ... will continue!
Illegal call: sysdmp_init must be called first!02:01:25:342000 Status -1 from sysdmp_add
 ... will continue!
Illegal call: sysdmp_init must be called first!02:01:25:342000 Status -1 from sysdmp_add
 ... will continue!
Illegal call: sysdmp_init must be called first!02:01:25:342000 Status -1 from sysdmp_add
 ... will continue!
Illegal call: sysdmp_init must be called first!02:01:25:342000 Status -1 from sysdmp_add
 ... will continue!
Illegal call: sysdmp_init must be called first!02:01:25:342000 Status -1 from sysdmp_add
 ... will continue!
Illegal call: sysdmp_init must be called first!02:01:25:342000 Status -1 from sysdmp_add
 ... will continue!
Goto to label: NEXT_STEP
02:01:25:342000 Status 0 from goto NEXT_STEP
Illegal call: sysdmp_init must be called first!02:01:25:342000 Status -1 from sysdmp_add
 ... will continue!
02:01:25:342000 Status 0 from sysdmp_trigger_add
02:01:25:342000 Status 0 from sysdmp_trigger_add
02:01:25:342000 Status 0 from sysdmp_trigger_add
02:01:25:342000 Status 0 from sysdmp_trigger_add
02:01:25:342000 Status 0 from sysdmp_trigger_add
02:01:25:342000 Status 0 from sysdmp_trigger_add
02:01:25:342000 Status 0 from sysdmp_trigger_add
02:01:25:342000 Status 0 from sysdmp_trigger_add
02:01:25:342000 Status 0 from sysdmp_trigger_add
02:01:25:342000 Status 0 from sysdmp_trigger_add
02:01:25:342000 Status 0 from sysdmp_trigger_add
02:01:25:342000 Status 0 from sysdmp_trigger_add
02:01:25:342000 Status 0 from sysdmp_trigger_add
02:01:25:342000 Status 0 from sysdmp_trigger_add
02:01:25:342000 Status -1 from sysdmp_add_logfile
 ... will continue!
02:01:25:342000 Status -1 from sysdmp_add_logfile
 ... will continue!
02:01:25:342000 Status -1 from sysdmp_add_logfile
 ... will continue!
02:01:25:342000 Status -1 from sysdmp_add_logfile
 ... will continue!
02:01:25:342000 Status -1 from sysdmp_add_logfile
 ... will continue!
02:01:25:342000 Status -1 from sysdmp_add_logfile
 ... will continue!
02:01:25:342000 Status -1 from sysdmp_add_logfile
 ... will continue!
02:01:25:342000 Status -1 from sysdmp_add_logfile
 ... will continue!
02:01:25:342000 Status -1 from sysdmp_add_logfile
 ... will continue!
02:01:25:342000 Status -1 from sysdmp_add_logfile
 ... will continue!
02:01:25:342000 Status -1 from sysdmp_add_logfile
 ... will continue!
02:01:25:342000 Status -1 from sysdmp_add_logfile
 ... will continue!
02:01:25:342000 Status -1 from sysdmp_add_logfile
 ... will continue!
02:01:25:342000 Status -1 from sysdmp_add_logfile
 ... will continue!
02:01:25:342000 Status -1 from sysdmp_add_logfile
 ... will continue!
02:01:25:342000 Status -1 from sysdmp_add_logfile
 ... will continue!
02:01:25:342000 Status -1 from sysdmp_add_logfile
 ... will continue!
02:01:25:342000 Status -1 from sysdmp_add_logfile
 ... will continue!
02:01:25:342000 Status -1 from sysdmp_add_logfile
 ... will continue!
02:01:25:342000 Status -1 from sysdmp_add_logfile
 ... will continue!
02:01:25:342000 Status -1 from sysdmp_add_logfile
robayats synchronized (running) 
Message (cmd/msgType: 299/3) received from sid: 0
Message (cmd/msgType: 299/3) received from sid: 0
Task OPCUAEntryFunc is about to terminate but is registered in Virtual Time. The task will remain in sleeping state
robcmdts setup active interfaces and ports 
robcmdts setup certificate store
 ... will continue!
02:01:25:352000 Status -1 from sysdmp_add_logfile
 ... will continue!
02:01:25:352000 Status -1 from sysdmp_add_logfile
 ... will continue!
02:01:25:352000 Status -1 from sysdmp_add_logfile
 ... will continue!
02:01:25:352000 Status -1 from sysdmp_add_logfile
 ... will continue!
02:01:25:352000 Status -1 from sysdmp_add_logfile
 ... will continue!
02:01:25:352000 Status -1 from sysdmp_add_logfile
 ... will continue!
Illegal call: sysdmp_init must be called first!02:01:25:352000 Status -1 from sysdmp_add
 ... will continue!
Illegal call: sysdmp_init must be called first!02:01:25:352000 Status -1 from sysdmp_add
 ... will continue!
02:01:25:352000 Status 0 from invoke fpevent_init
02:01:25:352000 Status 0 from invoke fpcmd_init
02:01:25:352000 Status 0 from invoke fpconsole_init
02:01:25:352000 Status 0 from invoke fpdbg_init
02:01:25:352000 Status 0 from invoke fpdevices_init
02:01:25:352000 Status 0 from systemrun
System started
02:01:25:352000 Status 0 from echo
02:01:25:352000 Status 0 from fileexist C:/Users/Youss/OneDrive/Desktop/Universit‡/Design/ROBOT STUDIO/SD_Exe01_SWorksRStudio/Virtual Controllers/CRB15000_5_95_1/internal/post_startup_action.cmd
Goto to label: NO_POST_ACTION
02:01:25:352000 Status 0 from goto NO_POST_ACTION
Script end: C:/Users/Youss/AppData/Local/ABB/RobotWare/RobotControl_7.8.0/system/startup_with_axc.cmd
02:01:25:352000 Status 0 from include NO_POST_ACTION
Goto to label: END
02:01:25:352000 Status 0 from goto END
Script end: C:/Users/Youss/AppData/Local/ABB/RobotWare/RobotControl_7.8.0/system/startup.cmd
