*** PF INFO ***
Time     : Thu May  9 16:49:16 2024
System   : C:/Users/Youss/OneDrive/Desktop/Università/Design/SD_RStudioExe01_240509/Virtual Controllers/CRB15000_5_95_1
RobotWare: 7.8.0
RobotControl: 7.8.0
Shutdown type: 1 mode: 1 reason: 1 
Image lost in previous shutdown: no
CFG counter value  :  7113
Unfinished crit sec:  0

*** PF INFO ***
Time     : Thu May  9 17:10:25 2024
System   : C:/Users/Youss/OneDrive/Desktop/Università/Design/SD_RStudioExe01_240509/Virtual Controllers/CRB15000_5_95_1
RobotWare: 7.8.0
RobotControl: 7.8.0
Shutdown type: 1 mode: 1 reason: 1 
Image lost in previous shutdown: no
CFG counter value  :  7359
Unfinished crit sec:  0

*** PF INFO ***
Time     : Fri May 10 17:27:09 2024
System   : C:/Users/Youss/OneDrive/Desktop/Università/Design/ROBOT STUDIO/SD_RStudioExe01_240509/Virtual Controllers/CRB15000_5_95_1
RobotWare: 7.8.0
RobotControl: 7.8.0
Shutdown type: 1 mode: 1 reason: 1 
Image lost in previous shutdown: no
CFG counter value  :  7112
Unfinished crit sec:  0

*** PF INFO ***
Time     : Thu May 16 10:25:52 2024
System   : C:/Users/Youss/OneDrive/Desktop/Università/Design/ROBOT STUDIO/SD_RStudioExe01_240509/Virtual Controllers/CRB15000_5_95_1
RobotWare: 7.8.0
RobotControl: 7.8.0
Shutdown type: 1 mode: 1 reason: 1 
Image lost in previous shutdown: no
CFG counter value  :  7283
Unfinished crit sec:  0

*** PF INFO ***
Time     : Thu May 16 10:51:42 2024
System   : C:/Users/Youss/OneDrive/Desktop/Università/Design/ROBOT STUDIO/SD_RStudioExe01_240509/Virtual Controllers/CRB15000_5_95_1
RobotWare: 7.8.0
RobotControl: 7.8.0
Shutdown type: 1 mode: 1 reason: 1 
Image lost in previous shutdown: no
CFG counter value  :  7371
Unfinished crit sec:  0

*** PF INFO ***
Time     : Thu May 16 10:57:16 2024
System   : C:/Users/Youss/OneDrive/Desktop/Università/Design/ROBOT STUDIO/SD_RStudioExe01_240509/Virtual Controllers/CRB15000_5_95_1
RobotWare: 7.8.0
RobotControl: 7.8.0
Shutdown type: 1 mode: 1 reason: 1 
Image lost in previous shutdown: no
CFG counter value  :  7459
Unfinished crit sec:  0

*** PF INFO ***
Time     : Tue May 21 11:57:47 2024
System   : C:/Users/Youss/OneDrive/Desktop/Università/Design/ROBOT STUDIO/SD_RStudioExe01_240509/Virtual Controllers/CRB15000_5_95_1
RobotWare: 7.8.0
RobotControl: 7.8.0
Shutdown type: 1 mode: 1 reason: 1 
Image lost in previous shutdown: no
CFG counter value  :  7547
Unfinished crit sec:  0

*** PF INFO ***
Time     : Thu May 23 13:01:22 2024
System   : C:/Users/Youss/OneDrive/Desktop/Università/Design/ROBOT STUDIO/SD_RStudioExe01_240509/Virtual Controllers/CRB15000_5_95_1
RobotWare: 7.8.0
RobotControl: 7.8.0
Shutdown type: 1 mode: 1 reason: 1 
Image lost in previous shutdown: no
CFG counter value  :  7635
Unfinished crit sec:  0

