<9>May  9 16:49:17 CRB15000_5_95_1 ABB-UAL:01:Security log file deleted by user|-|syslog.log not found|3420|00001|-|robot|syslog	1
<13>May  9 16:49:20 CRB15000_5_95_1 ABB-UAL:01:Log-in successful|-|UAS_UID=65537|1110|00002|-|robot|NativeUser	2
<13>May  9 16:49:21 CRB15000_5_95_1 ABB-UAL:01:Log-in successful|-|UAS_UID=131074|1110|00003|-|robot|NativeUser	3
<13>May  9 16:49:22 CRB15000_5_95_1 ABB-UAL:01:Log-in successful|-|UAS_UID=196611|1110|00004|-|robot|NativeUser	4
<13>May  9 16:49:26 CRB15000_5_95_1 ABB-UAL:01:Log-in successful|-|UAS_UID=262148|1110|00005|-|robot|NativeUser	5
<13>May  9 16:49:26 CRB15000_5_95_1 ABB-UAL:01:Log-in successful|-|UAS_UID=327685|1110|00006|-|robot|NativeUser	6
<13>May  9 16:49:26 CRB15000_5_95_1 ABB-UAL:01:Log-in successful|-|UAS_UID=393222|1110|00007|-|robot|NativeUser	7
<13>May  9 16:49:31 CRB15000_5_95_1 ABB-UAL:01:Log-in successful|-|UAS_UID=458759|1110|00008|-|robot|Admin	8
<13>May  9 16:49:32 CRB15000_5_95_1 ABB-UAL:01:Log-in successful|-|UAS_UID=524296|1110|00009|-|robot|Admin	9
<13>May  9 17:10:24 CRB15000_5_95_1 ABB-UAL:01:Log-out (user logged out)|-|UAS_UID=524296|1210|00010|-|robot|	10
<13>May  9 17:10:24 CRB15000_5_95_1 ABB-UAL:01:Log-out (user logged out)|-|UAS_UID=458759|1210|00011|-|robot|	11
<13>May  9 17:10:24 CRB15000_5_95_1 ABB-UAL:01:Log-out (user logged out)|-|Socket=7292|1210|00012|-|robot|	12
<9>May 16 10:08:16 CRB15000_5_95_1 ABB-UAL:01:Log data hash check failed (Log data altered)|-|invalid digest syslog.log|3220|00013|-|robot|syslog	13
<13>May 16 10:08:18 CRB15000_5_95_1 ABB-UAL:01:Log-in successful|-|UAS_UID=65537|1110|00014|-|robot|NativeUser	14
<13>May 16 10:08:19 CRB15000_5_95_1 ABB-UAL:01:Log-in successful|-|UAS_UID=131074|1110|00015|-|robot|NativeUser	15
<13>May 16 10:08:20 CRB15000_5_95_1 ABB-UAL:01:Log-in successful|-|UAS_UID=196611|1110|00016|-|robot|NativeUser	16
<13>May 16 10:08:22 CRB15000_5_95_1 ABB-UAL:01:Log-in successful|-|UAS_UID=262148|1110|00017|-|robot|NativeUser	17
<13>May 16 10:08:22 CRB15000_5_95_1 ABB-UAL:01:Log-in successful|-|UAS_UID=327685|1110|00018|-|robot|NativeUser	18
<13>May 16 10:08:22 CRB15000_5_95_1 ABB-UAL:01:Log-in successful|-|UAS_UID=393222|1110|00019|-|robot|NativeUser	19
<13>May 16 10:08:25 CRB15000_5_95_1 ABB-UAL:01:Log-in successful|-|UAS_UID=458759|1110|00020|-|robot|Admin	20
<13>May 16 10:08:25 CRB15000_5_95_1 ABB-UAL:01:Log-in successful|-|UAS_UID=524296|1110|00021|-|robot|Admin	21
<13>May 16 10:25:01 CRB15000_5_95_1 ABB-UAL:01:Log-out (user logged out)|-|UAS_UID=458759|1210|00022|-|robot|	22
<13>May 16 10:25:01 CRB15000_5_95_1 ABB-UAL:01:Log-out (user logged out)|-|Socket=7272|1210|00023|-|robot|	23
<13>May 16 10:26:16 CRB15000_5_95_1 ABB-UAL:01:Log-in successful|-|UAS_UID=65537|1110|00024|-|robot|NativeUser	24
<13>May 16 10:26:16 CRB15000_5_95_1 ABB-UAL:01:Log-in successful|-|UAS_UID=131074|1110|00025|-|robot|NativeUser	25
<13>May 16 10:26:17 CRB15000_5_95_1 ABB-UAL:01:Log-in successful|-|UAS_UID=196611|1110|00026|-|robot|NativeUser	26
<13>May 16 10:26:17 CRB15000_5_95_1 ABB-UAL:01:Log-in successful|-|UAS_UID=262148|1110|00027|-|robot|NativeUser	27
<13>May 16 10:26:17 CRB15000_5_95_1 ABB-UAL:01:Log-in successful|-|UAS_UID=327685|1110|00028|-|robot|NativeUser	28
<13>May 16 10:26:17 CRB15000_5_95_1 ABB-UAL:01:Log-in successful|-|UAS_UID=393222|1110|00029|-|robot|NativeUser	29
<13>May 16 10:26:20 CRB15000_5_95_1 ABB-UAL:01:Log-in successful|-|UAS_UID=458759|1110|00030|-|robot|Admin	30
<13>May 16 10:26:20 CRB15000_5_95_1 ABB-UAL:01:Log-in successful|-|UAS_UID=524296|1110|00031|-|robot|Admin	31
<13>May 16 10:46:34 CRB15000_5_95_1 ABB-UAL:01:Log-in successful|-|UAS_UID=589833|1110|00032|-|robot|NativeUser	32
<13>May 16 10:51:41 CRB15000_5_95_1 ABB-UAL:01:Log-out (user logged out)|-|UAS_UID=524296|1210|00033|-|robot|	33
<13>May 16 10:51:41 CRB15000_5_95_1 ABB-UAL:01:Log-out (user logged out)|-|UAS_UID=458759|1210|00034|-|robot|	34
<13>May 16 10:51:41 CRB15000_5_95_1 ABB-UAL:01:Log-out (user logged out)|-|Socket=7232|1210|00035|-|robot|	35
<13>May 16 10:54:27 CRB15000_5_95_1 ABB-UAL:01:Log-in successful|-|UAS_UID=65537|1110|00036|-|robot|NativeUser	36
<13>May 16 10:54:27 CRB15000_5_95_1 ABB-UAL:01:Log-in successful|-|UAS_UID=131074|1110|00037|-|robot|NativeUser	37
<13>May 16 10:54:28 CRB15000_5_95_1 ABB-UAL:01:Log-in successful|-|UAS_UID=196611|1110|00038|-|robot|NativeUser	38
<13>May 16 10:54:28 CRB15000_5_95_1 ABB-UAL:01:Log-in successful|-|UAS_UID=262148|1110|00039|-|robot|NativeUser	39
<13>May 16 10:54:28 CRB15000_5_95_1 ABB-UAL:01:Log-in successful|-|UAS_UID=327685|1110|00040|-|robot|NativeUser	40
<13>May 16 10:54:28 CRB15000_5_95_1 ABB-UAL:01:Log-in successful|-|UAS_UID=393222|1110|00041|-|robot|NativeUser	41
<13>May 16 10:54:31 CRB15000_5_95_1 ABB-UAL:01:Log-in successful|-|UAS_UID=458759|1110|00042|-|robot|Admin	42
<13>May 16 10:54:31 CRB15000_5_95_1 ABB-UAL:01:Log-in successful|-|UAS_UID=524296|1110|00043|-|robot|Admin	43
<13>May 16 10:57:16 CRB15000_5_95_1 ABB-UAL:01:Log-out (user logged out)|-|UAS_UID=524296|1210|00044|-|robot|	44
<13>May 16 10:57:16 CRB15000_5_95_1 ABB-UAL:01:Log-out (user logged out)|-|UAS_UID=458759|1210|00045|-|robot|	45
<13>May 16 10:57:16 CRB15000_5_95_1 ABB-UAL:01:Log-out (user logged out)|-|Socket=7232|1210|00046|-|robot|	46
<13>May 21 11:56:58 CRB15000_5_95_1 ABB-UAL:01:Log-in successful|-|UAS_UID=65537|1110|00047|-|robot|NativeUser	47
<13>May 21 11:56:59 CRB15000_5_95_1 ABB-UAL:01:Log-in successful|-|UAS_UID=131074|1110|00048|-|robot|NativeUser	48
<13>May 21 11:57:00 CRB15000_5_95_1 ABB-UAL:01:Log-in successful|-|UAS_UID=196611|1110|00049|-|robot|NativeUser	49
<13>May 21 11:57:00 CRB15000_5_95_1 ABB-UAL:01:Log-in successful|-|UAS_UID=262148|1110|00050|-|robot|NativeUser	50
<13>May 21 11:57:00 CRB15000_5_95_1 ABB-UAL:01:Log-in successful|-|UAS_UID=327685|1110|00051|-|robot|NativeUser	51
<13>May 21 11:57:00 CRB15000_5_95_1 ABB-UAL:01:Log-in successful|-|UAS_UID=393222|1110|00052|-|robot|NativeUser	52
<13>May 21 11:57:03 CRB15000_5_95_1 ABB-UAL:01:Log-in successful|-|UAS_UID=458759|1110|00053|-|robot|Admin	53
<13>May 21 11:57:03 CRB15000_5_95_1 ABB-UAL:01:Log-in successful|-|UAS_UID=524296|1110|00054|-|robot|Admin	54
<13>May 21 11:57:46 CRB15000_5_95_1 ABB-UAL:01:Log-out (user logged out)|-|UAS_UID=524296|1210|00055|-|robot|	55
<13>May 21 11:57:46 CRB15000_5_95_1 ABB-UAL:01:Log-out (user logged out)|-|UAS_UID=458759|1210|00056|-|robot|	56
<13>May 21 11:57:46 CRB15000_5_95_1 ABB-UAL:01:Log-out (user logged out)|-|Socket=7232|1210|00057|-|robot|	57
<13>May 23 12:58:34 CRB15000_5_95_1 ABB-UAL:01:Log-in successful|-|UAS_UID=65537|1110|00058|-|robot|NativeUser	58
<13>May 23 12:58:34 CRB15000_5_95_1 ABB-UAL:01:Log-in successful|-|UAS_UID=131074|1110|00059|-|robot|NativeUser	59
<13>May 23 12:58:36 CRB15000_5_95_1 ABB-UAL:01:Log-in successful|-|UAS_UID=196611|1110|00060|-|robot|NativeUser	60
<13>May 23 12:58:36 CRB15000_5_95_1 ABB-UAL:01:Log-in successful|-|UAS_UID=262148|1110|00061|-|robot|NativeUser	61
<13>May 23 12:58:36 CRB15000_5_95_1 ABB-UAL:01:Log-in successful|-|UAS_UID=327685|1110|00062|-|robot|NativeUser	62
<13>May 23 12:58:36 CRB15000_5_95_1 ABB-UAL:01:Log-in successful|-|UAS_UID=393222|1110|00063|-|robot|NativeUser	63
<13>May 23 12:58:39 CRB15000_5_95_1 ABB-UAL:01:Log-in successful|-|UAS_UID=458759|1110|00064|-|robot|Admin	64
<13>May 23 12:58:39 CRB15000_5_95_1 ABB-UAL:01:Log-in successful|-|UAS_UID=524296|1110|00065|-|robot|Admin	65
<13>May 23 13:01:21 CRB15000_5_95_1 ABB-UAL:01:Log-out (user logged out)|-|UAS_UID=524296|1210|00066|-|robot|	66
<13>May 23 13:01:21 CRB15000_5_95_1 ABB-UAL:01:Log-out (user logged out)|-|UAS_UID=458759|1210|00067|-|robot|	67
<13>May 23 13:01:21 CRB15000_5_95_1 ABB-UAL:01:Log-out (user logged out)|-|Socket=7232|1210|00068|-|robot|	68
-----BEGIN DIGEST-----
TK8lBcWcgeeJ1IuprL0PXAUA4DIT3+P4mG8vU9bMZeOqCap4+GojQzDqpeV7YMgJH1ikCg==
-----END DIGEST-----
