*** PF INFO ***
Time     : Tue Aug 20 22:23:41 2024
System   : C:/Users/Youss/OneDrive/Desktop/Università/Design/ROBOT STUDIO/Prep esame/Prova_1/Virtual Controllers/CRB15000_5_95
RobotWare: 7.8.0
RobotControl: 7.8.0
Shutdown type: 1 mode: 1 reason: 1 
Image lost in previous shutdown: no
CFG counter value  :  7112
Unfinished crit sec:  0

*** PF INFO ***
Time     : Tue Aug 20 23:45:48 2024
System   : C:/Users/Youss/OneDrive/Desktop/Università/Design/ROBOT STUDIO/Prep esame/Prova_1/Virtual Controllers/CRB15000_5_95
RobotWare: 7.8.0
RobotControl: 7.8.0
Shutdown type: 1 mode: 1 reason: 1 
Image lost in previous shutdown: no
CFG counter value  :  7283
Unfinished crit sec:  0

*** PF INFO ***
Time     : Thu Aug 22 23:12:14 2024
System   : C:/Users/Youss/OneDrive/Desktop/Università/Design/ROBOT STUDIO/Prep esame/Prova_1/Virtual Controllers/CRB15000_5_95
RobotWare: 7.8.0
RobotControl: 7.8.0
Shutdown type: 1 mode: 1 reason: 1 
Image lost in previous shutdown: no
CFG counter value  :  7371
Unfinished crit sec:  0

